<?xml version="1.0" encoding="UTF-8"?>
<!-- Generated by org.testng.reporters.JUnitReportReporter -->
<testsuite skipped="0" hostname="DESKTOP-FENLNI8" name="MMT_Script.CaseStudy" tests="1" failures="0" timestamp="2020-05-26T10:35:28 IST" time="138.513" errors="0">
  <testcase name="basePageNavigation" time="138.513" classname="MMT_Script.CaseStudy"/>
</testsuite> <!-- MMT_Script.CaseStudy -->
